2026-02-28 12:18:11.840 SYNAPSE script-start
2026-02-28 12:18:11.872 SYNAPSE shell-ready
2026-02-28 12:18:11.919 SYNAPSE first-launch
2026-02-28 12:18:57.921 SYNAPSE kill
2026-02-28 12:19:02.937 SYNAPSE complete
2026-02-28 13:02:52.420 SYNAPSE script-start
2026-02-28 13:02:52.460 SYNAPSE shell-ready
2026-02-28 13:02:52.483 SYNAPSE first-launch
2026-02-28 13:03:22.523 SYNAPSE kill
2026-02-28 13:03:27.546 SYNAPSE complete
2026-02-28 13:08:15.170 SYNAPSE script-start
2026-02-28 13:08:15.210 SYNAPSE shell-ready
2026-02-28 13:08:15.229 SYNAPSE first-launch
2026-02-28 13:08:45.276 SYNAPSE kill
2026-02-28 13:08:50.294 SYNAPSE complete
2026-02-28 13:15:13.830 SYNAPSE script-start
2026-02-28 13:15:13.951 SYNAPSE shell-ready
2026-02-28 13:15:13.995 SYNAPSE first-launch
2026-02-28 13:15:44.041 SYNAPSE kill
2026-02-28 13:15:49.063 SYNAPSE complete
2026-02-28 13:20:37.399 SYNAPSE script-start
2026-02-28 13:20:37.464 SYNAPSE shell-ready
2026-02-28 13:20:37.507 SYNAPSE first-launch
2026-02-28 13:21:07.544 SYNAPSE kill
2026-02-28 13:21:12.564 SYNAPSE complete
2026-02-28 13:27:57.512 SYNAPSE script-start
2026-02-28 13:27:57.703 SYNAPSE shell-ready
2026-02-28 13:27:57.722 SYNAPSE first-launch
2026-02-28 13:28:27.785 SYNAPSE kill
2026-02-28 13:28:32.798 SYNAPSE complete
2026-02-28 13:40:09.784 SYNAPSE script-start
2026-02-28 13:40:09.823 SYNAPSE shell-ready
2026-02-28 13:40:09.842 SYNAPSE first-launch
2026-02-28 13:40:39.878 SYNAPSE kill
2026-02-28 13:40:44.886 SYNAPSE complete
2026-02-28 13:51:14.579 SYNAPSE script-start
2026-02-28 13:51:14.613 SYNAPSE shell-ready
2026-02-28 13:51:14.632 SYNAPSE first-launch
2026-02-28 13:51:44.666 SYNAPSE kill
2026-02-28 13:51:49.682 SYNAPSE complete
2026-02-28 13:53:39.201 SYNAPSE script-start
2026-02-28 13:53:39.237 SYNAPSE shell-ready
2026-02-28 13:53:39.256 SYNAPSE first-launch
2026-02-28 13:54:09.287 SYNAPSE kill
2026-02-28 13:54:14.305 SYNAPSE complete
2026-02-28 13:56:04.236 SYNAPSE script-start
2026-02-28 13:56:04.279 SYNAPSE shell-ready
2026-02-28 13:56:04.367 SYNAPSE first-launch
2026-02-28 13:56:34.397 SYNAPSE kill
2026-02-28 13:56:39.418 SYNAPSE complete
2026-02-28 13:59:27.421 SYNAPSE script-start
2026-02-28 13:59:27.479 SYNAPSE shell-ready
2026-02-28 13:59:27.502 SYNAPSE first-launch
2026-02-28 13:59:57.571 SYNAPSE kill
2026-02-28 14:00:02.595 SYNAPSE complete
